The system is: Windows - 10.0.18362 - AMD64
Compiling the C compiler identification source file "CMakeCCompilerId.c" succeeded.
Compiler: D:/Programms/VisualStudio/IDE/VC/Tools/MSVC/14.23.28105/bin/HostX64/x64/cl.exe 
Build flags: 
Id flags:  

The output was:
0
Microsoft (R) C/C++ Optimizing Compiler Version 19.23.28107 for x64
Copyright (C) Microsoft Corporation.  All rights reserved.

CMakeCCompilerId.c
Microsoft (R) Incremental Linker Version 14.23.28107.0
Copyright (C) Microsoft Corporation.  All rights reserved.

/out:CMakeCCompilerId.exe 
CMakeCCompilerId.obj 


Compilation of the C compiler identification source "CMakeCCompilerId.c" produced "CMakeCCompilerId.exe"

Compilation of the C compiler identification source "CMakeCCompilerId.c" produced "CMakeCCompilerId.obj"

The C compiler identification is MSVC, found in "E:/C++_Workspace/SimpleSlotSolution/SimpleSlot/res/Include/glm/out/build/x64-Debug/CMakeFiles/3.15.19080502-MSVC_2/CompilerIdC/CMakeCCompilerId.exe"

Compiling the CXX compiler identification source file "CMakeCXXCompilerId.cpp" succeeded.
Compiler: D:/Programms/VisualStudio/IDE/VC/Tools/MSVC/14.23.28105/bin/HostX64/x64/cl.exe 
Build flags: 
Id flags:  

The output was:
0
Microsoft (R) C/C++ Optimizing Compiler Version 19.23.28107 for x64
Copyright (C) Microsoft Corporation.  All rights reserved.

CMakeCXXCompilerId.cpp
Microsoft (R) Incremental Linker Version 14.23.28107.0
Copyright (C) Microsoft Corporation.  All rights reserved.

/out:CMakeCXXCompilerId.exe 
CMakeCXXCompilerId.obj 


Compilation of the CXX compiler identification source "CMakeCXXCompilerId.cpp" produced "CMakeCXXCompilerId.exe"

Compilation of the CXX compiler identification source "CMakeCXXCompilerId.cpp" produced "CMakeCXXCompilerId.obj"

The CXX compiler identification is MSVC, found in "E:/C++_Workspace/SimpleSlotSolution/SimpleSlot/res/Include/glm/out/build/x64-Debug/CMakeFiles/3.15.19080502-MSVC_2/CompilerIdCXX/CMakeCXXCompilerId.exe"

Determining if the C compiler works passed with the following output:
Change Dir: E:/C++_Workspace/SimpleSlotSolution/SimpleSlot/res/Include/glm/out/build/x64-Debug/CMakeFiles/CMakeTmp

Run Build Command(s):D:\PROGRAMMS\VISUALSTUDIO\IDE\COMMON7\IDE\COMMONEXTENSIONS\MICROSOFT\CMAKE\Ninja\ninja.exe cmTC_b78d6 && [1/2] Building C object CMakeFiles\cmTC_b78d6.dir\testCCompiler.c.obj
[2/2] Linking C executable cmTC_b78d6.exe



Detecting C compiler ABI info compiled with the following output:
Change Dir: E:/C++_Workspace/SimpleSlotSolution/SimpleSlot/res/Include/glm/out/build/x64-Debug/CMakeFiles/CMakeTmp

Run Build Command(s):D:\PROGRAMMS\VISUALSTUDIO\IDE\COMMON7\IDE\COMMONEXTENSIONS\MICROSOFT\CMAKE\Ninja\ninja.exe cmTC_51ddd && [1/2] Building C object CMakeFiles\cmTC_51ddd.dir\CMakeCCompilerABI.c.obj
[2/2] Linking C executable cmTC_51ddd.exe



Determining if the CXX compiler works passed with the following output:
Change Dir: E:/C++_Workspace/SimpleSlotSolution/SimpleSlot/res/Include/glm/out/build/x64-Debug/CMakeFiles/CMakeTmp

Run Build Command(s):D:\PROGRAMMS\VISUALSTUDIO\IDE\COMMON7\IDE\COMMONEXTENSIONS\MICROSOFT\CMAKE\Ninja\ninja.exe cmTC_07dea && [1/2] Building CXX object CMakeFiles\cmTC_07dea.dir\testCXXCompiler.cxx.obj
[2/2] Linking CXX executable cmTC_07dea.exe



Detecting CXX compiler ABI info compiled with the following output:
Change Dir: E:/C++_Workspace/SimpleSlotSolution/SimpleSlot/res/Include/glm/out/build/x64-Debug/CMakeFiles/CMakeTmp

Run Build Command(s):D:\PROGRAMMS\VISUALSTUDIO\IDE\COMMON7\IDE\COMMONEXTENSIONS\MICROSOFT\CMAKE\Ninja\ninja.exe cmTC_2054f && [1/2] Building CXX object CMakeFiles\cmTC_2054f.dir\CMakeCXXCompilerABI.cpp.obj
[2/2] Linking CXX executable cmTC_2054f.exe



